
build:
     [echo] Apache Ant(TM) version 1.10.8 compiled on May 10 2020

createNewBuildNumber:

createBuildNumber:
[propertyfile] Updating property file: /local/softwareag/common/AssetBuildEnvironment/master_build/build.number

createOutputDir:
     [echo] Creating directory /local/home/saguser/build/target/testing/build
    [mkdir] Created dir: /local/home/saguser/build/target/testing/build
     [echo] Started Integration Server Build.............

buildIS:

validate:

build:

iterate_multi_project_folders:

build_projects:

generate-composites:
     [java] [7/27/21 10:26 AM][MESSAGE] ispackage.ispackage: Starting to read packages config,ALS_JDBC_Connections,OneData,Toolbox,caDSR,replicate. 
     [java] [7/27/21 10:26 AM][MESSAGE] ispackage.ispackage: Starting to read package [config]. 
     [java] [7/27/21 10:26 AM][MESSAGE] ispackage.ispackage: [config] is not an Integration Server package. 
     [java] [7/27/21 10:26 AM][MESSAGE] ispackage.ispackage: Starting to read package [ALS_JDBC_Connections]. 
     [java] [7/27/21 10:26 AM][WARNING] artconnection.JDBC_Connections:onedata_wa: Passman store not initialized or unknown handle: password.JDBC_Connections:onedata_wa 
     [java] [7/27/21 10:26 AM][MESSAGE] ispackage.ispackage: Completed creation of ACDL and binary for a package [ALS_JDBC_Connections]. 
     [java] [7/27/21 10:26 AM][MESSAGE] ispackage.ispackage: Starting to read package [OneData]. 
     [java] [7/27/21 10:26 AM][MESSAGE] ispackage.ispackage: Completed creation of ACDL and binary for a package [OneData]. 
     [java] [7/27/21 10:26 AM][MESSAGE] ispackage.ispackage: Starting to read package [Toolbox]. 
     [java] [7/27/21 10:26 AM][MESSAGE] ispackage.ispackage: Completed creation of ACDL and binary for a package [Toolbox]. 
     [java] [7/27/21 10:26 AM][MESSAGE] ispackage.ispackage: Starting to read package [caDSR]. 
     [java] [7/27/21 10:26 AM][MESSAGE] ispackage.ispackage: Completed creation of ACDL and binary for a package [caDSR]. 
     [java] [7/27/21 10:26 AM][MESSAGE] ispackage.ispackage: Starting to read package [replicate]. 
     [java] [7/27/21 10:26 AM][MESSAGE] ispackage.ispackage: [replicate] is not an Integration Server package. 
     [java] [7/27/21 10:26 AM][MESSAGE] ispackage.ispackage: Completed all packages. 
     [java] [7/27/21 10:26 AM][MESSAGE] isproperty.isproperty: Cannot find configuration files for asset isproperty. As a result, Integration Server cannot extract the assets. 
     [java] [7/27/21 10:26 AM][MESSAGE] isgroup.isgroup: No assets found for asset isgroup. 
     [java] [7/27/21 10:26 AM][MESSAGE] isacl.isacl: No assets found for asset isacl. 
     [java] [7/27/21 10:26 AM][MESSAGE] isuser.isuser: No assets found for asset isuser. 
     [java] [7/27/21 10:26 AM][MESSAGE] istask.istask: Cannot find configuration files for asset istask. As a result, Integration Server cannot extract the assets. 
     [java] [7/27/21 10:26 AM][MESSAGE] isport.isport: No assets found for asset isport. 
     [java] [7/27/21 10:26 AM][MESSAGE] isjndialias.isjndialias: Cannot find configuration files for asset isjndialias. As a result, Integration Server cannot extract the assets. 
     [java] [7/27/21 10:26 AM][MESSAGE] isjmsalias.isjmsalias: Cannot find configuration files for asset isjmsalias. As a result, Integration Server cannot extract the assets. 
     [java] [7/27/21 10:26 AM][MESSAGE] isremoteserveralias.isremoteserveralias: Cannot find configuration files for asset isremoteserveralias. As a result, Integration Server cannot extract the assets. 
     [java] [7/27/21 10:26 AM][MESSAGE] isjdbcdriveralias.isjdbcdriveralias: Cannot find configuration files for asset isjdbcdriveralias. As a result, Integration Server cannot extract the assets. 
     [java] [7/27/21 10:26 AM][MESSAGE] isjdbcpoolalias.isjdbcpoolalias: Cannot find configuration files for asset isjdbcpoolalias. As a result, Integration Server cannot extract the assets. 
     [java] [7/27/21 10:26 AM][MESSAGE] isjdbcfunctionalalias.isjdbcfunctionalalias: Cannot find configuration files for asset isjdbcfunctionalalias. As a result, Integration Server cannot extract the assets. 
     [java] [7/27/21 10:26 AM][MESSAGE] iskeystorealias.iskeystorealias: Cannot find configuration files for asset iskeystorealias. As a result, Integration Server cannot extract the assets. 
     [java] [7/27/21 10:26 AM][MESSAGE] istruststorealias.istruststorealias: Cannot find configuration files for asset istruststorealias. As a result, Integration Server cannot extract the assets. 
     [java] [7/27/21 10:26 AM][MESSAGE] issamlissuer.issamlissuer: Cannot find configuration files for asset issamlissuer. As a result, Integration Server cannot extract the assets. 
     [java] [7/27/21 10:26 AM][MESSAGE] isbrokersettings.isbrokersettings: Cannot find configuration files for asset isbrokersettings. As a result, Integration Server cannot extract the assets. 
     [java] [7/27/21 10:26 AM][MESSAGE] ismetadata.ismetadata: Cannot find configuration files for asset ismetadata. As a result, Integration Server cannot extract the assets. 
     [java] [7/27/21 10:26 AM][MESSAGE] iswebserviceendpointalias.iswebserviceendpointalias: Cannot find configuration files for asset iswebserviceendpointalias. As a result, Integration Server cannot extract the assets. 
     [java] [7/27/21 10:26 AM][MESSAGE] isurlalias.isurlalias: No assets found for asset isurlalias. 
     [java] [7/27/21 10:26 AM][MESSAGE] iscertificatesettings.iscertificatesettings: Cannot find configuration files for asset iscertificatesettings. As a result, Integration Server cannot extract the assets. 
     [java] [7/27/21 10:26 AM][MESSAGE] isproxyserveralias.isproxyserveralias: Cannot find configuration files for asset isproxyserveralias. As a result, Integration Server cannot extract the assets. 
     [java] [7/27/21 10:26 AM][MESSAGE] isproxyserverbypass.isproxyserverbypass: Cannot find configuration files for asset isproxyserverbypass. As a result, Integration Server cannot extract the assets. 
     [java] [7/27/21 10:26 AM][MESSAGE] isldapdirectory.isldapdirectory: No assets found for asset isldapdirectory. 
     [java] [7/27/21 10:26 AM][MESSAGE] isclientcerts.isclientcerts: Cannot find configuration files for asset isclientcerts. As a result, Integration Server cannot extract the assets. 
     [java] [7/27/21 10:26 AM][MESSAGE] iswspolicy.iswspolicy: Cannot find configuration files for asset iswspolicy. As a result, Integration Server cannot extract the assets. 
     [java] [7/27/21 10:26 AM][MESSAGE] iscachemanager.iscachemanager: Cannot find configuration files for asset iscachemanager. As a result, Integration Server cannot extract the assets. 
     [java] [7/27/21 10:26 AM][MESSAGE] isparsing.isparsing: Cannot find configuration files for asset isparsing. As a result, Integration Server cannot extract the assets. 
     [java] [7/27/21 10:26 AM][MESSAGE] isglobalvariable.isglobalvariable: Cannot find configuration files for asset isglobalvariable. As a result, Integration Server cannot extract the assets. 
     [java] [7/27/21 10:26 AM][MESSAGE] issftpserveralias.issftpserveralias: Cannot find configuration files for asset issftpserveralias. As a result, Integration Server cannot extract the assets. 
     [java] [7/27/21 10:26 AM][MESSAGE] issftpuseralias.issftpuseralias: Cannot find configuration files for asset issftpuseralias. As a result, Integration Server cannot extract the assets. 
     [java] [7/27/21 10:26 AM][MESSAGE] iscsrfguardconfig.iscsrfguardconfig: Cannot find configuration files for asset iscsrfguardconfig. As a result, Integration Server cannot extract the assets. 
     [java] [7/27/21 10:26 AM][MESSAGE] isenterprisegatewayrules.isenterprisegatewayrules: Cannot find configuration files for asset isenterprisegatewayrules. As a result, Integration Server cannot extract the assets. 
     [java] [7/27/21 10:26 AM][MESSAGE] isquiescesettings.isquiescesettings: Cannot find configuration files for asset isquiescesettings. As a result, Integration Server cannot extract the assets. 
     [java] [7/27/21 10:26 AM][MESSAGE] isreliablemessaging.isreliablemessaging: Cannot find configuration files for asset isreliablemessaging. As a result, Integration Server cannot extract the assets. 
     [java] [7/27/21 10:26 AM][MESSAGE] isfileaccesscontrol.isfileaccesscontrol: Cannot find configuration files for asset isfileaccesscontrol. As a result, Integration Server cannot extract the assets. 
     [java] [7/27/21 10:26 AM][MESSAGE] iskerberosconfig.iskerberosconfig: Cannot find configuration files for asset iskerberosconfig. As a result, Integration Server cannot extract the assets. 
     [java] [7/27/21 10:26 AM][MESSAGE] isregistryalias.isregistryalias: Cannot find configuration files for asset isregistryalias. As a result, Integration Server cannot extract the assets. 
     [java] [7/27/21 10:26 AM][MESSAGE] isjwtissercertificatemappings.isjwtissercertificatemappings: Cannot find configuration files for asset isjwtissercertificatemappings. As a result, Integration Server cannot extract the assets. 
     [java] [7/27/21 10:26 AM][MESSAGE] isjwtissuerskewmappings.isjwtissuerskewmappings: Cannot find configuration files for asset isjwtissuerskewmappings. As a result, Integration Server cannot extract the assets. 
     [java] [7/27/21 10:26 AM][MESSAGE] isjwttrustedissuers.isjwttrustedissuers: Cannot find configuration files for asset isjwttrustedissuers. As a result, Integration Server cannot extract the assets. 
     [java] [7/27/21 10:26 AM][MESSAGE] isjwtglobalclaimsettings.isjwtglobalclaimsettings: Cannot find configuration files for asset isjwtglobalclaimsettings. As a result, Integration Server cannot extract the assets. 
     [java] [7/27/21 10:26 AM][MESSAGE] ispasswordexpirationsettings.ispasswordexpirationsettings: Cannot find configuration files for asset ispasswordexpirationsettings. As a result, Integration Server cannot extract the assets. 
     [java] [7/27/21 10:26 AM][MESSAGE] isaccountlockingsettings.isaccountlockingsettings: Cannot find configuration files for asset isaccountlockingsettings. As a result, Integration Server cannot extract the assets. 
     [java] [7/27/21 10:26 AM][MESSAGE] isumalias.isumalias: Cannot find configuration files for asset isumalias. As a result, Integration Server cannot extract the assets. 
     [java] [7/27/21 10:26 AM][MESSAGE] iscloudstreamsadmindatabaseconfig.iscloudstreamsadmindatabaseconfig: No assets found for asset iscloudstreamsadmindatabaseconfig. 
     [java] [7/27/21 10:26 AM][MESSAGE] iscloudstreamslargefileconfig.iscloudstreamslargefileconfig: No assets found for asset iscloudstreamslargefileconfig. 
     [java] [7/27/21 10:26 AM][MESSAGE] iscloudstreamsoauthtokens.iscloudstreamsoauthtokens: Cannot find configuration files for asset iscloudstreamsoauthtokens. As a result, Integration Server cannot extract the assets. 
     [java] [7/27/21 10:26 AM][MESSAGE] iscloudstreamsstreamingproviders.iscloudstreamsstreamingproviders: Cannot find configuration files for asset iscloudstreamsstreamingproviders. As a result, Integration Server cannot extract the assets. 
     [java] [7/27/21 10:26 AM][MESSAGE] iscloudstreamsstreamingsubscribers.iscloudstreamsstreamingsubscribers: Cannot find configuration files for asset iscloudstreamsstreamingsubscribers. As a result, Integration Server cannot extract the assets. 
     [java] [7/27/21 10:26 AM][MESSAGE] iswmcloudsettings.iswmcloudsettings: Cannot find configuration files for asset iswmcloudsettings. As a result, Integration Server cannot extract the assets. 
     [java] [7/27/21 10:26 AM][MESSAGE] iswmcloudaccount.iswmcloudaccount: Cannot find configuration files for asset iswmcloudaccount. As a result, Integration Server cannot extract the assets. 
     [java] [7/27/21 10:26 AM][MESSAGE] iswmcloudapplication.iswmcloudapplication: Cannot find configuration files for asset iswmcloudapplication. As a result, Integration Server cannot extract the assets. 
     [java] [7/27/21 10:26 AM][MESSAGE] ispackage.ispackage: Cannot find configuration files for asset ispackage. As a result, Integration Server cannot extract the assets. 

iterate_single_project_folders:
     [echo] Integration Server Build complete...........

check-build.prop-loc:

createIndex:
[createIndex] RepoIndexer is processing composite ALS_JDBC_Connections from composite file /local/home/saguser/build/target/testing/build/IS/ALS_JDBC_Connections.acdl
[createIndex] RepoIndexer is processing composite OneData from composite file /local/home/saguser/build/target/testing/build/IS/OneData.acdl
[createIndex] RepoIndexer is processing composite Toolbox from composite file /local/home/saguser/build/target/testing/build/IS/Toolbox.acdl
[createIndex] RepoIndexer is processing composite caDSR from composite file /local/home/saguser/build/target/testing/build/IS/caDSR.acdl
