
build:
     [echo] Apache Ant(TM) version 1.10.8 compiled on May 10 2020

createNewBuildNumber:

createBuildNumber:
[propertyfile] Updating property file: /local/softwareag/common/AssetBuildEnvironment/master_build/build.number

createOutputDir:
     [echo] Creating directory /local/home/saguser/build/target/Sprint19/build
    [mkdir] Created dir: /local/home/saguser/build/target/Sprint19/build
     [echo] Started Integration Server Build.............

buildIS:

validate:

build:

iterate_multi_project_folders:

build_projects:

generate-composites:
     [java] Exception in thread "Thread-3" java.lang.NoClassDefFoundError: com/fasterxml/jackson/core/PrettyPrinter
     [java] 	at com.wm.util.coder.JSONCoder.<init>(JSONCoder.java:24)
     [java] 	at com.softwareag.msc.Features.getCoder(Features.java:277)
     [java] 	at com.softwareag.msc.Features.createConfigFile(Features.java:264)
     [java] 	at com.softwareag.msc.Features.readConfigFile(Features.java:219)
     [java] 	at com.softwareag.msc.Features.init(Features.java:157)
     [java] 	at com.softwareag.msc.Features.isAvailable(Features.java:87)
     [java] 	at com.wm.app.b2b.server.UserManager.jndiInit(UserManager.java:581)
     [java] 	at com.wm.app.b2b.server.ACLGroup$GroupLoader$GroupLoadingTask.run(ACLGroup.java:422)
     [java] 	at java.lang.Thread.run(Thread.java:748)
     [java] Caused by: java.lang.ClassNotFoundException: com.fasterxml.jackson.core.PrettyPrinter
     [java] 	at java.net.URLClassLoader.findClass(URLClassLoader.java:382)
     [java] 	at java.lang.ClassLoader.loadClass(ClassLoader.java:419)
     [java] 	at sun.misc.Launcher$AppClassLoader.loadClass(Launcher.java:365)
     [java] 	at java.lang.ClassLoader.loadClass(ClassLoader.java:352)
     [java] 	... 9 more
     [java] [9/15/21 1:16 PM][MESSAGE] ispackage.ispackage: Starting to read packages caDSR,Toolbox,config. 
     [java] [9/15/21 1:16 PM][MESSAGE] ispackage.ispackage: Starting to read package [caDSR]. 
     [java] [9/15/21 1:16 PM][MESSAGE] ispackage.ispackage: Completed creation of ACDL and binary for a package [caDSR]. 
     [java] [9/15/21 1:16 PM][MESSAGE] ispackage.ispackage: Starting to read package [Toolbox]. 
     [java] [9/15/21 1:16 PM][MESSAGE] ispackage.ispackage: Completed creation of ACDL and binary for a package [Toolbox]. 
     [java] [9/15/21 1:16 PM][MESSAGE] ispackage.ispackage: Starting to read package [config]. 
     [java] [9/15/21 1:16 PM][MESSAGE] ispackage.ispackage: [config] is not an Integration Server package. 
     [java] [9/15/21 1:16 PM][MESSAGE] ispackage.ispackage: Completed all packages. 
     [java] [9/15/21 1:16 PM][MESSAGE] isproperty.isproperty: Cannot find configuration files for asset isproperty. As a result, Integration Server cannot extract the assets. 
     [java] [9/15/21 1:16 PM][MESSAGE] isgroup.isgroup: No assets found for asset isgroup. 
     [java] [9/15/21 1:16 PM][SUCCESS] isacl.isacl: Successfully extracted 5 isacl. 
     [java] [9/15/21 1:16 PM][MESSAGE] isuser.isuser: No assets found for asset isuser. 
     [java] [9/15/21 1:16 PM][MESSAGE] istask.istask: Cannot find configuration files for asset istask. As a result, Integration Server cannot extract the assets. 
     [java] [9/15/21 1:16 PM][MESSAGE] isport.isport: No assets found for asset isport. 
     [java] [9/15/21 1:16 PM][MESSAGE] isjndialias.isjndialias: Cannot find configuration files for asset isjndialias. As a result, Integration Server cannot extract the assets. 
     [java] [9/15/21 1:16 PM][MESSAGE] isjmsalias.isjmsalias: Cannot find configuration files for asset isjmsalias. As a result, Integration Server cannot extract the assets. 
     [java] [9/15/21 1:16 PM][MESSAGE] isremoteserveralias.isremoteserveralias: Cannot find configuration files for asset isremoteserveralias. As a result, Integration Server cannot extract the assets. 
     [java] [9/15/21 1:16 PM][MESSAGE] isjdbcdriveralias.isjdbcdriveralias: Cannot find configuration files for asset isjdbcdriveralias. As a result, Integration Server cannot extract the assets. 
     [java] [9/15/21 1:16 PM][MESSAGE] isjdbcpoolalias.isjdbcpoolalias: Cannot find configuration files for asset isjdbcpoolalias. As a result, Integration Server cannot extract the assets. 
     [java] [9/15/21 1:16 PM][MESSAGE] isjdbcfunctionalalias.isjdbcfunctionalalias: Cannot find configuration files for asset isjdbcfunctionalalias. As a result, Integration Server cannot extract the assets. 
     [java] [9/15/21 1:16 PM][MESSAGE] iskeystorealias.iskeystorealias: Cannot find configuration files for asset iskeystorealias. As a result, Integration Server cannot extract the assets. 
     [java] [9/15/21 1:16 PM][MESSAGE] istruststorealias.istruststorealias: Cannot find configuration files for asset istruststorealias. As a result, Integration Server cannot extract the assets. 
     [java] [9/15/21 1:16 PM][MESSAGE] issamlissuer.issamlissuer: Cannot find configuration files for asset issamlissuer. As a result, Integration Server cannot extract the assets. 
     [java] [9/15/21 1:16 PM][MESSAGE] isbrokersettings.isbrokersettings: Cannot find configuration files for asset isbrokersettings. As a result, Integration Server cannot extract the assets. 
     [java] [9/15/21 1:16 PM][MESSAGE] ismetadata.ismetadata: Cannot find configuration files for asset ismetadata. As a result, Integration Server cannot extract the assets. 
     [java] [9/15/21 1:16 PM][MESSAGE] iswebserviceendpointalias.iswebserviceendpointalias: Cannot find configuration files for asset iswebserviceendpointalias. As a result, Integration Server cannot extract the assets. 
     [java] [9/15/21 1:16 PM][SUCCESS] isurlalias.isurlalias: Successfully extracted 1 isurlalias. 
     [java] [9/15/21 1:16 PM][MESSAGE] iscertificatesettings.iscertificatesettings: Cannot find configuration files for asset iscertificatesettings. As a result, Integration Server cannot extract the assets. 
     [java] [9/15/21 1:16 PM][MESSAGE] isproxyserveralias.isproxyserveralias: Cannot find configuration files for asset isproxyserveralias. As a result, Integration Server cannot extract the assets. 
     [java] [9/15/21 1:16 PM][MESSAGE] isproxyserverbypass.isproxyserverbypass: Cannot find configuration files for asset isproxyserverbypass. As a result, Integration Server cannot extract the assets. 
     [java] [9/15/21 1:16 PM][MESSAGE] isldapdirectory.isldapdirectory: No assets found for asset isldapdirectory. 
     [java] [9/15/21 1:16 PM][MESSAGE] isclientcerts.isclientcerts: Cannot find configuration files for asset isclientcerts. As a result, Integration Server cannot extract the assets. 
     [java] [9/15/21 1:16 PM][MESSAGE] iswspolicy.iswspolicy: Cannot find configuration files for asset iswspolicy. As a result, Integration Server cannot extract the assets. 
     [java] [9/15/21 1:16 PM][MESSAGE] iscachemanager.iscachemanager: Cannot find configuration files for asset iscachemanager. As a result, Integration Server cannot extract the assets. 
     [java] [9/15/21 1:16 PM][MESSAGE] isparsing.isparsing: Cannot find configuration files for asset isparsing. As a result, Integration Server cannot extract the assets. 
     [java] [9/15/21 1:16 PM][MESSAGE] isglobalvariable.isglobalvariable: Cannot find configuration files for asset isglobalvariable. As a result, Integration Server cannot extract the assets. 
     [java] [9/15/21 1:16 PM][MESSAGE] issftpserveralias.issftpserveralias: Cannot find configuration files for asset issftpserveralias. As a result, Integration Server cannot extract the assets. 
     [java] [9/15/21 1:16 PM][MESSAGE] issftpuseralias.issftpuseralias: Cannot find configuration files for asset issftpuseralias. As a result, Integration Server cannot extract the assets. 
     [java] [9/15/21 1:16 PM][MESSAGE] iscsrfguardconfig.iscsrfguardconfig: Cannot find configuration files for asset iscsrfguardconfig. As a result, Integration Server cannot extract the assets. 
     [java] [9/15/21 1:16 PM][MESSAGE] isenterprisegatewayrules.isenterprisegatewayrules: Cannot find configuration files for asset isenterprisegatewayrules. As a result, Integration Server cannot extract the assets. 
     [java] [9/15/21 1:16 PM][MESSAGE] isquiescesettings.isquiescesettings: Cannot find configuration files for asset isquiescesettings. As a result, Integration Server cannot extract the assets. 
     [java] [9/15/21 1:16 PM][MESSAGE] isreliablemessaging.isreliablemessaging: Cannot find configuration files for asset isreliablemessaging. As a result, Integration Server cannot extract the assets. 
     [java] [9/15/21 1:16 PM][MESSAGE] isfileaccesscontrol.isfileaccesscontrol: Cannot find configuration files for asset isfileaccesscontrol. As a result, Integration Server cannot extract the assets. 
     [java] [9/15/21 1:16 PM][MESSAGE] iskerberosconfig.iskerberosconfig: Cannot find configuration files for asset iskerberosconfig. As a result, Integration Server cannot extract the assets. 
     [java] [9/15/21 1:16 PM][MESSAGE] isregistryalias.isregistryalias: Cannot find configuration files for asset isregistryalias. As a result, Integration Server cannot extract the assets. 
     [java] [9/15/21 1:16 PM][MESSAGE] isjwtissercertificatemappings.isjwtissercertificatemappings: Cannot find configuration files for asset isjwtissercertificatemappings. As a result, Integration Server cannot extract the assets. 
     [java] [9/15/21 1:16 PM][MESSAGE] isjwtissuerskewmappings.isjwtissuerskewmappings: Cannot find configuration files for asset isjwtissuerskewmappings. As a result, Integration Server cannot extract the assets. 
     [java] [9/15/21 1:16 PM][MESSAGE] isjwttrustedissuers.isjwttrustedissuers: Cannot find configuration files for asset isjwttrustedissuers. As a result, Integration Server cannot extract the assets. 
     [java] [9/15/21 1:16 PM][MESSAGE] isjwtglobalclaimsettings.isjwtglobalclaimsettings: Cannot find configuration files for asset isjwtglobalclaimsettings. As a result, Integration Server cannot extract the assets. 
     [java] [9/15/21 1:16 PM][MESSAGE] ispasswordexpirationsettings.ispasswordexpirationsettings: Cannot find configuration files for asset ispasswordexpirationsettings. As a result, Integration Server cannot extract the assets. 
     [java] [9/15/21 1:16 PM][MESSAGE] isaccountlockingsettings.isaccountlockingsettings: Cannot find configuration files for asset isaccountlockingsettings. As a result, Integration Server cannot extract the assets. 
     [java] [9/15/21 1:16 PM][MESSAGE] isumalias.isumalias: Cannot find configuration files for asset isumalias. As a result, Integration Server cannot extract the assets. 
     [java] [9/15/21 1:16 PM][MESSAGE] iscloudstreamsadmindatabaseconfig.iscloudstreamsadmindatabaseconfig: No assets found for asset iscloudstreamsadmindatabaseconfig. 
     [java] [9/15/21 1:16 PM][MESSAGE] iscloudstreamslargefileconfig.iscloudstreamslargefileconfig: No assets found for asset iscloudstreamslargefileconfig. 
     [java] [9/15/21 1:16 PM][MESSAGE] iscloudstreamsoauthtokens.iscloudstreamsoauthtokens: Cannot find configuration files for asset iscloudstreamsoauthtokens. As a result, Integration Server cannot extract the assets. 
     [java] [9/15/21 1:16 PM][MESSAGE] iscloudstreamsstreamingproviders.iscloudstreamsstreamingproviders: Cannot find configuration files for asset iscloudstreamsstreamingproviders. As a result, Integration Server cannot extract the assets. 
     [java] [9/15/21 1:16 PM][MESSAGE] iscloudstreamsstreamingsubscribers.iscloudstreamsstreamingsubscribers: Cannot find configuration files for asset iscloudstreamsstreamingsubscribers. As a result, Integration Server cannot extract the assets. 
     [java] [9/15/21 1:16 PM][MESSAGE] iswmcloudsettings.iswmcloudsettings: Cannot find configuration files for asset iswmcloudsettings. As a result, Integration Server cannot extract the assets. 
     [java] [9/15/21 1:16 PM][MESSAGE] iswmcloudaccount.iswmcloudaccount: Cannot find configuration files for asset iswmcloudaccount. As a result, Integration Server cannot extract the assets. 
     [java] [9/15/21 1:16 PM][MESSAGE] iswmcloudapplication.iswmcloudapplication: Cannot find configuration files for asset iswmcloudapplication. As a result, Integration Server cannot extract the assets. 
     [java] [9/15/21 1:16 PM][MESSAGE] ispackage.ispackage: Cannot find configuration files for asset ispackage. As a result, Integration Server cannot extract the assets. 

iterate_single_project_folders:
     [echo] Integration Server Build complete...........

check-build.prop-loc:

createIndex:
[createIndex] RepoIndexer is processing composite caDSR from composite file /local/home/saguser/build/target/Sprint19/build/IS/caDSR.acdl
[createIndex] RepoIndexer is processing composite Toolbox from composite file /local/home/saguser/build/target/Sprint19/build/IS/Toolbox.acdl
[createIndex] RepoIndexer is processing composite isconfiguration from composite file /local/home/saguser/build/target/Sprint19/build/IS/isconfiguration.acdl
